{"/Users/gurshankaile/Desktop/Galactic/src/Galactic.js": {"path":"/Users/gurshankaile/Desktop/Galactic/src/Galactic.js","statementMap":{"0":{"start":{"line":4,"column":4},"end":{"line":4,"column":28}},"1":{"start":{"line":5,"column":4},"end":{"line":5,"column":22}},"2":{"start":{"line":6,"column":4},"end":{"line":6,"column":20}},"3":{"start":{"line":7,"column":4},"end":{"line":7,"column":19}},"4":{"start":{"line":8,"column":4},"end":{"line":8,"column":22}},"5":{"start":{"line":9,"column":4},"end":{"line":9,"column":26}},"6":{"start":{"line":13,"column":6},"end":{"line":13,"column":26}},"7":{"start":{"line":17,"column":6},"end":{"line":17,"column":43}},"8":{"start":{"line":18,"column":6},"end":{"line":18,"column":41}},"9":{"start":{"line":22,"column":0},"end":{"line":22,"column":26}}},"fnMap":{"0":{"name":"(anonymous_0)","decl":{"start":{"line":3,"column":2},"end":{"line":3,"column":3}},"loc":{"start":{"line":3,"column":24},"end":{"line":10,"column":3}},"line":3},"1":{"name":"(anonymous_1)","decl":{"start":{"line":12,"column":2},"end":{"line":12,"column":3}},"loc":{"start":{"line":12,"column":16},"end":{"line":14,"column":3}},"line":12},"2":{"name":"(anonymous_2)","decl":{"start":{"line":16,"column":2},"end":{"line":16,"column":3}},"loc":{"start":{"line":16,"column":14},"end":{"line":19,"column":3}},"line":16}},"branchMap":{},"s":{"0":2,"1":2,"2":2,"3":2,"4":2,"5":2,"6":1,"7":0,"8":0,"9":1},"f":{"0":2,"1":1,"2":0},"b":{},"_coverageSchema":"43e27e138ebf9cfc5966b082cf9a028302ed4184","hash":"5a84a6477fb7ca82747544c7ddd06a794c047409"}
}
