TN:
SF:/Users/gurshankaile/Desktop/Galactic/src/Galactic.js
FN:3,(anonymous_0)
FN:12,(anonymous_1)
FN:16,(anonymous_2)
FN:21,(anonymous_3)
FN:26,(anonymous_4)
FN:31,(anonymous_5)
FN:36,(anonymous_6)
FN:45,(anonymous_7)
FN:54,(anonymous_8)
FN:63,(anonymous_9)
FNF:10
FNH:10
FNDA:10,(anonymous_0)
FNDA:1,(anonymous_1)
FNDA:1,(anonymous_2)
FNDA:1,(anonymous_3)
FNDA:1,(anonymous_4)
FNDA:1,(anonymous_5)
FNDA:1,(anonymous_6)
FNDA:2,(anonymous_7)
FNDA:1,(anonymous_8)
FNDA:1,(anonymous_9)
DA:4,10
DA:5,10
DA:6,10
DA:7,10
DA:8,10
DA:9,10
DA:13,1
DA:17,1
DA:18,1
DA:22,1
DA:23,1
DA:27,1
DA:28,1
DA:32,1
DA:33,1
DA:37,1
DA:38,0
DA:39,0
DA:41,1
DA:42,1
DA:46,2
DA:47,0
DA:48,0
DA:50,2
DA:51,2
DA:55,1
DA:56,0
DA:57,0
DA:59,1
DA:60,1
DA:64,1
DA:65,0
DA:66,0
DA:68,1
DA:69,1
DA:75,1
LF:36
LH:28
BRDA:37,0,0,0
BRDA:37,0,1,1
BRDA:46,1,0,0
BRDA:46,1,1,2
BRDA:55,2,0,0
BRDA:55,2,1,1
BRDA:64,3,0,0
BRDA:64,3,1,1
BRF:8
BRH:4
end_of_record
